<?xml version="1.0" encoding="UTF-8"?>
<testsuite xmlns:xsi="http://www.w3.org/2001/XMLSchema-instance" xsi:noNamespaceSchemaLocation="https://maven.apache.org/surefire/maven-surefire-plugin/xsd/surefire-test-report.xsd" name="cloud.demo.DemoApplicationTests" time="4.386" tests="1" errors="0" skipped="0" failures="0">
  <properties>
    <property name="sun.desktop" value="gnome"/>
    <property name="awt.toolkit" value="sun.awt.X11.XToolkit"/>
    <property name="file.encoding.pkg" value="sun.io"/>
    <property name="java.specification.version" value="1.8"/>
    <property name="sun.cpu.isalist" value=""/>
    <property name="sun.jnu.encoding" value="UTF-8"/>
    <property name="java.class.path" value="/home/weikangweng/Documents/CloudProject/IN4392-Cloud-Computing/cloudC/target/test-classes:/home/weikangweng/Documents/CloudProject/IN4392-Cloud-Computing/cloudC/target/classes:/home/weikangweng/.m2/repository/org/springframework/boot/spring-boot-starter-data-jpa/2.3.1.RELEASE/spring-boot-starter-data-jpa-2.3.1.RELEASE.jar:/home/weikangweng/.m2/repository/org/springframework/boot/spring-boot-starter-aop/2.3.1.RELEASE/spring-boot-starter-aop-2.3.1.RELEASE.jar:/home/weikangweng/.m2/repository/org/springframework/spring-aop/5.2.7.RELEASE/spring-aop-5.2.7.RELEASE.jar:/home/weikangweng/.m2/repository/org/aspectj/aspectjweaver/1.9.5/aspectjweaver-1.9.5.jar:/home/weikangweng/.m2/repository/jakarta/transaction/jakarta.transaction-api/1.3.3/jakarta.transaction-api-1.3.3.jar:/home/weikangweng/.m2/repository/jakarta/persistence/jakarta.persistence-api/2.2.3/jakarta.persistence-api-2.2.3.jar:/home/weikangweng/.m2/repository/org/hibernate/hibernate-core/5.4.17.Final/hibernate-core-5.4.17.Final.jar:/home/weikangweng/.m2/repository/org/jboss/logging/jboss-logging/3.4.1.Final/jboss-logging-3.4.1.Final.jar:/home/weikangweng/.m2/repository/org/javassist/javassist/3.24.0-GA/javassist-3.24.0-GA.jar:/home/weikangweng/.m2/repository/net/bytebuddy/byte-buddy/1.10.11/byte-buddy-1.10.11.jar:/home/weikangweng/.m2/repository/antlr/antlr/2.7.7/antlr-2.7.7.jar:/home/weikangweng/.m2/repository/org/jboss/jandex/2.1.3.Final/jandex-2.1.3.Final.jar:/home/weikangweng/.m2/repository/com/fasterxml/classmate/1.5.1/classmate-1.5.1.jar:/home/weikangweng/.m2/repository/org/dom4j/dom4j/2.1.3/dom4j-2.1.3.jar:/home/weikangweng/.m2/repository/org/hibernate/common/hibernate-commons-annotations/5.1.0.Final/hibernate-commons-annotations-5.1.0.Final.jar:/home/weikangweng/.m2/repository/org/glassfish/jaxb/jaxb-runtime/2.3.3/jaxb-runtime-2.3.3.jar:/home/weikangweng/.m2/repository/org/glassfish/jaxb/txw2/2.3.3/txw2-2.3.3.jar:/home/weikangweng/.m2/repository/com/sun/istack/istack-commons-runtime/3.0.11/istack-commons-runtime-3.0.11.jar:/home/weikangweng/.m2/repository/org/springframework/data/spring-data-jpa/2.3.1.RELEASE/spring-data-jpa-2.3.1.RELEASE.jar:/home/weikangweng/.m2/repository/org/springframework/data/spring-data-commons/2.3.1.RELEASE/spring-data-commons-2.3.1.RELEASE.jar:/home/weikangweng/.m2/repository/org/springframework/spring-orm/5.2.7.RELEASE/spring-orm-5.2.7.RELEASE.jar:/home/weikangweng/.m2/repository/org/springframework/spring-context/5.2.7.RELEASE/spring-context-5.2.7.RELEASE.jar:/home/weikangweng/.m2/repository/org/springframework/spring-tx/5.2.7.RELEASE/spring-tx-5.2.7.RELEASE.jar:/home/weikangweng/.m2/repository/org/springframework/spring-beans/5.2.7.RELEASE/spring-beans-5.2.7.RELEASE.jar:/home/weikangweng/.m2/repository/org/springframework/spring-aspects/5.2.7.RELEASE/spring-aspects-5.2.7.RELEASE.jar:/home/weikangweng/.m2/repository/org/springframework/boot/spring-boot-starter-web/2.3.1.RELEASE/spring-boot-starter-web-2.3.1.RELEASE.jar:/home/weikangweng/.m2/repository/org/springframework/boot/spring-boot-starter/2.3.1.RELEASE/spring-boot-starter-2.3.1.RELEASE.jar:/home/weikangweng/.m2/repository/org/springframework/boot/spring-boot-starter-logging/2.3.1.RELEASE/spring-boot-starter-logging-2.3.1.RELEASE.jar:/home/weikangweng/.m2/repository/ch/qos/logback/logback-classic/1.2.3/logback-classic-1.2.3.jar:/home/weikangweng/.m2/repository/ch/qos/logback/logback-core/1.2.3/logback-core-1.2.3.jar:/home/weikangweng/.m2/repository/org/apache/logging/log4j/log4j-to-slf4j/2.13.3/log4j-to-slf4j-2.13.3.jar:/home/weikangweng/.m2/repository/org/slf4j/jul-to-slf4j/1.7.30/jul-to-slf4j-1.7.30.jar:/home/weikangweng/.m2/repository/jakarta/annotation/jakarta.annotation-api/1.3.5/jakarta.annotation-api-1.3.5.jar:/home/weikangweng/.m2/repository/org/yaml/snakeyaml/1.26/snakeyaml-1.26.jar:/home/weikangweng/.m2/repository/org/springframework/boot/spring-boot-starter-json/2.3.1.RELEASE/spring-boot-starter-json-2.3.1.RELEASE.jar:/home/weikangweng/.m2/repository/com/fasterxml/jackson/core/jackson-databind/2.11.0/jackson-databind-2.11.0.jar:/home/weikangweng/.m2/repository/com/fasterxml/jackson/datatype/jackson-datatype-jdk8/2.11.0/jackson-datatype-jdk8-2.11.0.jar:/home/weikangweng/.m2/repository/com/fasterxml/jackson/datatype/jackson-datatype-jsr310/2.11.0/jackson-datatype-jsr310-2.11.0.jar:/home/weikangweng/.m2/repository/com/fasterxml/jackson/module/jackson-module-parameter-names/2.11.0/jackson-module-parameter-names-2.11.0.jar:/home/weikangweng/.m2/repository/org/springframework/boot/spring-boot-starter-tomcat/2.3.1.RELEASE/spring-boot-starter-tomcat-2.3.1.RELEASE.jar:/home/weikangweng/.m2/repository/org/apache/tomcat/embed/tomcat-embed-core/9.0.36/tomcat-embed-core-9.0.36.jar:/home/weikangweng/.m2/repository/org/glassfish/jakarta.el/3.0.3/jakarta.el-3.0.3.jar:/home/weikangweng/.m2/repository/org/apache/tomcat/embed/tomcat-embed-websocket/9.0.36/tomcat-embed-websocket-9.0.36.jar:/home/weikangweng/.m2/repository/org/springframework/spring-web/5.2.7.RELEASE/spring-web-5.2.7.RELEASE.jar:/home/weikangweng/.m2/repository/org/springframework/spring-webmvc/5.2.7.RELEASE/spring-webmvc-5.2.7.RELEASE.jar:/home/weikangweng/.m2/repository/org/springframework/spring-expression/5.2.7.RELEASE/spring-expression-5.2.7.RELEASE.jar:/home/weikangweng/.m2/repository/org/postgresql/postgresql/42.2.14/postgresql-42.2.14.jar:/home/weikangweng/.m2/repository/org/springframework/boot/spring-boot-starter-test/2.3.1.RELEASE/spring-boot-starter-test-2.3.1.RELEASE.jar:/home/weikangweng/.m2/repository/org/springframework/boot/spring-boot-test/2.3.1.RELEASE/spring-boot-test-2.3.1.RELEASE.jar:/home/weikangweng/.m2/repository/org/springframework/boot/spring-boot-test-autoconfigure/2.3.1.RELEASE/spring-boot-test-autoconfigure-2.3.1.RELEASE.jar:/home/weikangweng/.m2/repository/com/jayway/jsonpath/json-path/2.4.0/json-path-2.4.0.jar:/home/weikangweng/.m2/repository/net/minidev/json-smart/2.3/json-smart-2.3.jar:/home/weikangweng/.m2/repository/net/minidev/accessors-smart/1.2/accessors-smart-1.2.jar:/home/weikangweng/.m2/repository/org/ow2/asm/asm/5.0.4/asm-5.0.4.jar:/home/weikangweng/.m2/repository/jakarta/xml/bind/jakarta.xml.bind-api/2.3.3/jakarta.xml.bind-api-2.3.3.jar:/home/weikangweng/.m2/repository/jakarta/activation/jakarta.activation-api/1.2.2/jakarta.activation-api-1.2.2.jar:/home/weikangweng/.m2/repository/org/assertj/assertj-core/3.16.1/assertj-core-3.16.1.jar:/home/weikangweng/.m2/repository/org/hamcrest/hamcrest/2.2/hamcrest-2.2.jar:/home/weikangweng/.m2/repository/org/junit/jupiter/junit-jupiter/5.6.2/junit-jupiter-5.6.2.jar:/home/weikangweng/.m2/repository/org/junit/jupiter/junit-jupiter-params/5.6.2/junit-jupiter-params-5.6.2.jar:/home/weikangweng/.m2/repository/org/mockito/mockito-core/3.3.3/mockito-core-3.3.3.jar:/home/weikangweng/.m2/repository/net/bytebuddy/byte-buddy-agent/1.10.11/byte-buddy-agent-1.10.11.jar:/home/weikangweng/.m2/repository/org/objenesis/objenesis/2.6/objenesis-2.6.jar:/home/weikangweng/.m2/repository/org/mockito/mockito-junit-jupiter/3.3.3/mockito-junit-jupiter-3.3.3.jar:/home/weikangweng/.m2/repository/org/skyscreamer/jsonassert/1.5.0/jsonassert-1.5.0.jar:/home/weikangweng/.m2/repository/com/vaadin/external/google/android-json/0.0.20131108.vaadin1/android-json-0.0.20131108.vaadin1.jar:/home/weikangweng/.m2/repository/org/springframework/spring-core/5.2.7.RELEASE/spring-core-5.2.7.RELEASE.jar:/home/weikangweng/.m2/repository/org/springframework/spring-jcl/5.2.7.RELEASE/spring-jcl-5.2.7.RELEASE.jar:/home/weikangweng/.m2/repository/org/springframework/spring-test/5.2.7.RELEASE/spring-test-5.2.7.RELEASE.jar:/home/weikangweng/.m2/repository/org/xmlunit/xmlunit-core/2.7.0/xmlunit-core-2.7.0.jar:/home/weikangweng/.m2/repository/com/amazonaws/aws-java-sdk-ecs/1.11.799/aws-java-sdk-ecs-1.11.799.jar:/home/weikangweng/.m2/repository/com/amazonaws/aws-java-sdk-core/1.11.327/aws-java-sdk-core-1.11.327.jar:/home/weikangweng/.m2/repository/commons-logging/commons-logging/1.1.3/commons-logging-1.1.3.jar:/home/weikangweng/.m2/repository/org/apache/httpcomponents/httpclient/4.5.12/httpclient-4.5.12.jar:/home/weikangweng/.m2/repository/commons-codec/commons-codec/1.14/commons-codec-1.14.jar:/home/weikangweng/.m2/repository/software/amazon/ion/ion-java/1.0.2/ion-java-1.0.2.jar:/home/weikangweng/.m2/repository/com/fasterxml/jackson/dataformat/jackson-dataformat-cbor/2.11.0/jackson-dataformat-cbor-2.11.0.jar:/home/weikangweng/.m2/repository/joda-time/joda-time/2.8.1/joda-time-2.8.1.jar:/home/weikangweng/.m2/repository/com/amazonaws/jmespath-java/1.11.327/jmespath-java-1.11.327.jar:/home/weikangweng/.m2/repository/com/amazonaws/aws-lambda-java-core/1.2.1/aws-lambda-java-core-1.2.1.jar:/home/weikangweng/.m2/repository/com/google/code/gson/gson/2.8.6/gson-2.8.6.jar:/home/weikangweng/.m2/repository/org/apache/logging/log4j/log4j-api/2.13.0/log4j-api-2.13.0.jar:/home/weikangweng/.m2/repository/org/apache/logging/log4j/log4j-core/2.13.0/log4j-core-2.13.0.jar:/home/weikangweng/.m2/repository/org/apache/logging/log4j/log4j-slf4j18-impl/2.13.0/log4j-slf4j18-impl-2.13.0.jar:/home/weikangweng/.m2/repository/org/slf4j/slf4j-api/1.7.30/slf4j-api-1.7.30.jar:/home/weikangweng/.m2/repository/org/junit/jupiter/junit-jupiter-api/5.6.0/junit-jupiter-api-5.6.0.jar:/home/weikangweng/.m2/repository/org/apiguardian/apiguardian-api/1.1.0/apiguardian-api-1.1.0.jar:/home/weikangweng/.m2/repository/org/opentest4j/opentest4j/1.2.0/opentest4j-1.2.0.jar:/home/weikangweng/.m2/repository/org/junit/platform/junit-platform-commons/1.6.2/junit-platform-commons-1.6.2.jar:/home/weikangweng/.m2/repository/org/junit/jupiter/junit-jupiter-engine/5.6.0/junit-jupiter-engine-5.6.0.jar:/home/weikangweng/.m2/repository/org/junit/platform/junit-platform-engine/1.6.2/junit-platform-engine-1.6.2.jar:/home/weikangweng/.m2/repository/org/springframework/boot/spring-boot-starter-jdbc/2.3.1.RELEASE/spring-boot-starter-jdbc-2.3.1.RELEASE.jar:/home/weikangweng/.m2/repository/com/zaxxer/HikariCP/3.4.5/HikariCP-3.4.5.jar:/home/weikangweng/.m2/repository/org/springframework/spring-jdbc/5.2.7.RELEASE/spring-jdbc-5.2.7.RELEASE.jar:/home/weikangweng/.m2/repository/org/springframework/boot/spring-boot-starter-web-services/2.3.1.RELEASE/spring-boot-starter-web-services-2.3.1.RELEASE.jar:/home/weikangweng/.m2/repository/com/sun/xml/messaging/saaj/saaj-impl/1.5.2/saaj-impl-1.5.2.jar:/home/weikangweng/.m2/repository/jakarta/xml/soap/jakarta.xml.soap-api/1.4.2/jakarta.xml.soap-api-1.4.2.jar:/home/weikangweng/.m2/repository/org/jvnet/staxex/stax-ex/1.8.3/stax-ex-1.8.3.jar:/home/weikangweng/.m2/repository/com/sun/activation/jakarta.activation/1.2.2/jakarta.activation-1.2.2.jar:/home/weikangweng/.m2/repository/jakarta/xml/ws/jakarta.xml.ws-api/2.3.3/jakarta.xml.ws-api-2.3.3.jar:/home/weikangweng/.m2/repository/jakarta/jws/jakarta.jws-api/2.1.0/jakarta.jws-api-2.1.0.jar:/home/weikangweng/.m2/repository/org/springframework/spring-oxm/5.2.7.RELEASE/spring-oxm-5.2.7.RELEASE.jar:/home/weikangweng/.m2/repository/org/springframework/ws/spring-ws-core/3.0.9.RELEASE/spring-ws-core-3.0.9.RELEASE.jar:/home/weikangweng/.m2/repository/org/springframework/ws/spring-xml/3.0.9.RELEASE/spring-xml-3.0.9.RELEASE.jar:/home/weikangweng/.m2/repository/org/springframework/boot/spring-boot-starter-thymeleaf/2.3.1.RELEASE/spring-boot-starter-thymeleaf-2.3.1.RELEASE.jar:/home/weikangweng/.m2/repository/org/thymeleaf/thymeleaf-spring5/3.0.11.RELEASE/thymeleaf-spring5-3.0.11.RELEASE.jar:/home/weikangweng/.m2/repository/org/thymeleaf/thymeleaf/3.0.11.RELEASE/thymeleaf-3.0.11.RELEASE.jar:/home/weikangweng/.m2/repository/org/attoparser/attoparser/2.0.5.RELEASE/attoparser-2.0.5.RELEASE.jar:/home/weikangweng/.m2/repository/org/unbescape/unbescape/1.1.6.RELEASE/unbescape-1.1.6.RELEASE.jar:/home/weikangweng/.m2/repository/org/thymeleaf/extras/thymeleaf-extras-java8time/3.0.4.RELEASE/thymeleaf-extras-java8time-3.0.4.RELEASE.jar:/home/weikangweng/.m2/repository/org/springframework/boot/spring-boot-devtools/2.3.1.RELEASE/spring-boot-devtools-2.3.1.RELEASE.jar:/home/weikangweng/.m2/repository/org/springframework/boot/spring-boot/2.3.1.RELEASE/spring-boot-2.3.1.RELEASE.jar:/home/weikangweng/.m2/repository/org/springframework/boot/spring-boot-autoconfigure/2.3.1.RELEASE/spring-boot-autoconfigure-2.3.1.RELEASE.jar:/home/weikangweng/.m2/repository/mysql/mysql-connector-java/8.0.20/mysql-connector-java-8.0.20.jar:/home/weikangweng/.m2/repository/org/springframework/security/spring-security-test/5.3.3.RELEASE/spring-security-test-5.3.3.RELEASE.jar:/home/weikangweng/.m2/repository/org/springframework/security/spring-security-core/5.3.3.RELEASE/spring-security-core-5.3.3.RELEASE.jar:/home/weikangweng/.m2/repository/org/springframework/security/spring-security-web/5.3.3.RELEASE/spring-security-web-5.3.3.RELEASE.jar:/home/weikangweng/.m2/repository/software/amazon/awssdk/ec2/2.13.36/ec2-2.13.36.jar:/home/weikangweng/.m2/repository/software/amazon/awssdk/aws-query-protocol/2.13.36/aws-query-protocol-2.13.36.jar:/home/weikangweng/.m2/repository/software/amazon/awssdk/protocol-core/2.13.36/protocol-core-2.13.36.jar:/home/weikangweng/.m2/repository/software/amazon/awssdk/sdk-core/2.13.36/sdk-core-2.13.36.jar:/home/weikangweng/.m2/repository/software/amazon/awssdk/profiles/2.13.36/profiles-2.13.36.jar:/home/weikangweng/.m2/repository/com/fasterxml/jackson/core/jackson-core/2.11.0/jackson-core-2.11.0.jar:/home/weikangweng/.m2/repository/org/reactivestreams/reactive-streams/1.0.3/reactive-streams-1.0.3.jar:/home/weikangweng/.m2/repository/software/amazon/awssdk/auth/2.13.36/auth-2.13.36.jar:/home/weikangweng/.m2/repository/software/amazon/eventstream/eventstream/1.0.1/eventstream-1.0.1.jar:/home/weikangweng/.m2/repository/software/amazon/awssdk/http-client-spi/2.13.36/http-client-spi-2.13.36.jar:/home/weikangweng/.m2/repository/software/amazon/awssdk/regions/2.13.36/regions-2.13.36.jar:/home/weikangweng/.m2/repository/com/fasterxml/jackson/core/jackson-annotations/2.11.0/jackson-annotations-2.11.0.jar:/home/weikangweng/.m2/repository/software/amazon/awssdk/annotations/2.13.36/annotations-2.13.36.jar:/home/weikangweng/.m2/repository/software/amazon/awssdk/utils/2.13.36/utils-2.13.36.jar:/home/weikangweng/.m2/repository/software/amazon/awssdk/aws-core/2.13.36/aws-core-2.13.36.jar:/home/weikangweng/.m2/repository/software/amazon/awssdk/apache-client/2.13.36/apache-client-2.13.36.jar:/home/weikangweng/.m2/repository/org/apache/httpcomponents/httpcore/4.4.13/httpcore-4.4.13.jar:/home/weikangweng/.m2/repository/software/amazon/awssdk/netty-nio-client/2.13.36/netty-nio-client-2.13.36.jar:/home/weikangweng/.m2/repository/io/netty/netty-codec-http/4.1.50.Final/netty-codec-http-4.1.50.Final.jar:/home/weikangweng/.m2/repository/io/netty/netty-codec-http2/4.1.50.Final/netty-codec-http2-4.1.50.Final.jar:/home/weikangweng/.m2/repository/io/netty/netty-codec/4.1.50.Final/netty-codec-4.1.50.Final.jar:/home/weikangweng/.m2/repository/io/netty/netty-transport/4.1.50.Final/netty-transport-4.1.50.Final.jar:/home/weikangweng/.m2/repository/io/netty/netty-resolver/4.1.50.Final/netty-resolver-4.1.50.Final.jar:/home/weikangweng/.m2/repository/io/netty/netty-common/4.1.50.Final/netty-common-4.1.50.Final.jar:/home/weikangweng/.m2/repository/io/netty/netty-buffer/4.1.50.Final/netty-buffer-4.1.50.Final.jar:/home/weikangweng/.m2/repository/io/netty/netty-handler/4.1.50.Final/netty-handler-4.1.50.Final.jar:/home/weikangweng/.m2/repository/io/netty/netty-transport-native-epoll/4.1.50.Final/netty-transport-native-epoll-4.1.50.Final-linux-x86_64.jar:/home/weikangweng/.m2/repository/io/netty/netty-transport-native-unix-common/4.1.50.Final/netty-transport-native-unix-common-4.1.50.Final.jar:/home/weikangweng/.m2/repository/com/typesafe/netty/netty-reactive-streams-http/2.0.4/netty-reactive-streams-http-2.0.4.jar:/home/weikangweng/.m2/repository/com/typesafe/netty/netty-reactive-streams/2.0.4/netty-reactive-streams-2.0.4.jar:/home/weikangweng/.m2/repository/com/amazonaws/aws-java-sdk/1.11.327/aws-java-sdk-1.11.327.jar:/home/weikangweng/.m2/repository/com/amazonaws/aws-java-sdk-iotanalytics/1.11.327/aws-java-sdk-iotanalytics-1.11.327.jar:/home/weikangweng/.m2/repository/com/amazonaws/aws-java-sdk-acmpca/1.11.327/aws-java-sdk-acmpca-1.11.327.jar:/home/weikangweng/.m2/repository/com/amazonaws/aws-java-sdk-secretsmanager/1.11.327/aws-java-sdk-secretsmanager-1.11.327.jar:/home/weikangweng/.m2/repository/com/amazonaws/aws-java-sdk-fms/1.11.327/aws-java-sdk-fms-1.11.327.jar:/home/weikangweng/.m2/repository/com/amazonaws/aws-java-sdk-connect/1.11.327/aws-java-sdk-connect-1.11.327.jar:/home/weikangweng/.m2/repository/com/amazonaws/aws-java-sdk-transcribe/1.11.327/aws-java-sdk-transcribe-1.11.327.jar:/home/weikangweng/.m2/repository/com/amazonaws/aws-java-sdk-autoscalingplans/1.11.327/aws-java-sdk-autoscalingplans-1.11.327.jar:/home/weikangweng/.m2/repository/com/amazonaws/aws-java-sdk-workmail/1.11.327/aws-java-sdk-workmail-1.11.327.jar:/home/weikangweng/.m2/repository/com/amazonaws/aws-java-sdk-servicediscovery/1.11.327/aws-java-sdk-servicediscovery-1.11.327.jar:/home/weikangweng/.m2/repository/com/amazonaws/aws-java-sdk-cloud9/1.11.327/aws-java-sdk-cloud9-1.11.327.jar:/home/weikangweng/.m2/repository/com/amazonaws/aws-java-sdk-serverlessapplicationrepository/1.11.327/aws-java-sdk-serverlessapplicationrepository-1.11.327.jar:/home/weikangweng/.m2/repository/com/amazonaws/aws-java-sdk-alexaforbusiness/1.11.327/aws-java-sdk-alexaforbusiness-1.11.327.jar:/home/weikangweng/.m2/repository/com/amazonaws/aws-java-sdk-resourcegroups/1.11.327/aws-java-sdk-resourcegroups-1.11.327.jar:/home/weikangweng/.m2/repository/com/amazonaws/aws-java-sdk-comprehend/1.11.327/aws-java-sdk-comprehend-1.11.327.jar:/home/weikangweng/.m2/repository/com/amazonaws/aws-java-sdk-translate/1.11.327/aws-java-sdk-translate-1.11.327.jar:/home/weikangweng/.m2/repository/com/amazonaws/aws-java-sdk-sagemaker/1.11.327/aws-java-sdk-sagemaker-1.11.327.jar:/home/weikangweng/.m2/repository/com/amazonaws/aws-java-sdk-iotjobsdataplane/1.11.327/aws-java-sdk-iotjobsdataplane-1.11.327.jar:/home/weikangweng/.m2/repository/com/amazonaws/aws-java-sdk-sagemakerruntime/1.11.327/aws-java-sdk-sagemakerruntime-1.11.327.jar:/home/weikangweng/.m2/repository/com/amazonaws/aws-java-sdk-kinesisvideo/1.11.327/aws-java-sdk-kinesisvideo-1.11.327.jar:/home/weikangweng/.m2/repository/com/amazonaws/aws-java-sdk-appsync/1.11.327/aws-java-sdk-appsync-1.11.327.jar:/home/weikangweng/.m2/repository/com/amazonaws/aws-java-sdk-guardduty/1.11.327/aws-java-sdk-guardduty-1.11.327.jar:/home/weikangweng/.m2/repository/com/amazonaws/aws-java-sdk-mq/1.11.327/aws-java-sdk-mq-1.11.327.jar:/home/weikangweng/.m2/repository/com/amazonaws/aws-java-sdk-mediaconvert/1.11.327/aws-java-sdk-mediaconvert-1.11.327.jar:/home/weikangweng/.m2/repository/com/amazonaws/aws-java-sdk-mediastore/1.11.327/aws-java-sdk-mediastore-1.11.327.jar:/home/weikangweng/.m2/repository/com/amazonaws/aws-java-sdk-mediastoredata/1.11.327/aws-java-sdk-mediastoredata-1.11.327.jar:/home/weikangweng/.m2/repository/com/amazonaws/aws-java-sdk-medialive/1.11.327/aws-java-sdk-medialive-1.11.327.jar:/home/weikangweng/.m2/repository/com/amazonaws/aws-java-sdk-mediapackage/1.11.327/aws-java-sdk-mediapackage-1.11.327.jar:/home/weikangweng/.m2/repository/com/amazonaws/aws-java-sdk-costexplorer/1.11.327/aws-java-sdk-costexplorer-1.11.327.jar:/home/weikangweng/.m2/repository/com/amazonaws/aws-java-sdk-pricing/1.11.327/aws-java-sdk-pricing-1.11.327.jar:/home/weikangweng/.m2/repository/com/amazonaws/aws-java-sdk-mobile/1.11.327/aws-java-sdk-mobile-1.11.327.jar:/home/weikangweng/.m2/repository/com/amazonaws/aws-java-sdk-cloudhsmv2/1.11.327/aws-java-sdk-cloudhsmv2-1.11.327.jar:/home/weikangweng/.m2/repository/com/amazonaws/aws-java-sdk-glue/1.11.327/aws-java-sdk-glue-1.11.327.jar:/home/weikangweng/.m2/repository/com/amazonaws/aws-java-sdk-migrationhub/1.11.327/aws-java-sdk-migrationhub-1.11.327.jar:/home/weikangweng/.m2/repository/com/amazonaws/aws-java-sdk-dax/1.11.327/aws-java-sdk-dax-1.11.327.jar:/home/weikangweng/.m2/repository/com/amazonaws/aws-java-sdk-greengrass/1.11.327/aws-java-sdk-greengrass-1.11.327.jar:/home/weikangweng/.m2/repository/com/amazonaws/aws-java-sdk-athena/1.11.327/aws-java-sdk-athena-1.11.327.jar:/home/weikangweng/.m2/repository/com/amazonaws/aws-java-sdk-marketplaceentitlement/1.11.327/aws-java-sdk-marketplaceentitlement-1.11.327.jar:/home/weikangweng/.m2/repository/com/amazonaws/aws-java-sdk-codestar/1.11.327/aws-java-sdk-codestar-1.11.327.jar:/home/weikangweng/.m2/repository/com/amazonaws/aws-java-sdk-lexmodelbuilding/1.11.327/aws-java-sdk-lexmodelbuilding-1.11.327.jar:/home/weikangweng/.m2/repository/com/amazonaws/aws-java-sdk-resourcegroupstaggingapi/1.11.327/aws-java-sdk-resourcegroupstaggingapi-1.11.327.jar:/home/weikangweng/.m2/repository/com/amazonaws/aws-java-sdk-pinpoint/1.11.327/aws-java-sdk-pinpoint-1.11.327.jar:/home/weikangweng/.m2/repository/com/amazonaws/aws-java-sdk-xray/1.11.327/aws-java-sdk-xray-1.11.327.jar:/home/weikangweng/.m2/repository/com/amazonaws/aws-java-sdk-opsworkscm/1.11.327/aws-java-sdk-opsworkscm-1.11.327.jar:/home/weikangweng/.m2/repository/com/amazonaws/aws-java-sdk-support/1.11.327/aws-java-sdk-support-1.11.327.jar:/home/weikangweng/.m2/repository/com/amazonaws/aws-java-sdk-simpledb/1.11.327/aws-java-sdk-simpledb-1.11.327.jar:/home/weikangweng/.m2/repository/com/amazonaws/aws-java-sdk-servicecatalog/1.11.327/aws-java-sdk-servicecatalog-1.11.327.jar:/home/weikangweng/.m2/repository/com/amazonaws/aws-java-sdk-servermigration/1.11.327/aws-java-sdk-servermigration-1.11.327.jar:/home/weikangweng/.m2/repository/com/amazonaws/aws-java-sdk-simpleworkflow/1.11.327/aws-java-sdk-simpleworkflow-1.11.327.jar:/home/weikangweng/.m2/repository/com/amazonaws/aws-java-sdk-storagegateway/1.11.327/aws-java-sdk-storagegateway-1.11.327.jar:/home/weikangweng/.m2/repository/com/amazonaws/aws-java-sdk-route53/1.11.327/aws-java-sdk-route53-1.11.327.jar:/home/weikangweng/.m2/repository/com/amazonaws/aws-java-sdk-s3/1.11.327/aws-java-sdk-s3-1.11.327.jar:/home/weikangweng/.m2/repository/com/amazonaws/aws-java-sdk-importexport/1.11.327/aws-java-sdk-importexport-1.11.327.jar:/home/weikangweng/.m2/repository/com/amazonaws/aws-java-sdk-sts/1.11.327/aws-java-sdk-sts-1.11.327.jar:/home/weikangweng/.m2/repository/com/amazonaws/aws-java-sdk-sqs/1.11.327/aws-java-sdk-sqs-1.11.327.jar:/home/weikangweng/.m2/repository/com/amazonaws/aws-java-sdk-rds/1.11.327/aws-java-sdk-rds-1.11.327.jar:/home/weikangweng/.m2/repository/com/amazonaws/aws-java-sdk-redshift/1.11.327/aws-java-sdk-redshift-1.11.327.jar:/home/weikangweng/.m2/repository/com/amazonaws/aws-java-sdk-elasticbeanstalk/1.11.327/aws-java-sdk-elasticbeanstalk-1.11.327.jar:/home/weikangweng/.m2/repository/com/amazonaws/aws-java-sdk-glacier/1.11.327/aws-java-sdk-glacier-1.11.327.jar:/home/weikangweng/.m2/repository/com/amazonaws/aws-java-sdk-iam/1.11.327/aws-java-sdk-iam-1.11.327.jar:/home/weikangweng/.m2/repository/com/amazonaws/aws-java-sdk-datapipeline/1.11.327/aws-java-sdk-datapipeline-1.11.327.jar:/home/weikangweng/.m2/repository/com/amazonaws/aws-java-sdk-elasticloadbalancing/1.11.327/aws-java-sdk-elasticloadbalancing-1.11.327.jar:/home/weikangweng/.m2/repository/com/amazonaws/aws-java-sdk-elasticloadbalancingv2/1.11.327/aws-java-sdk-elasticloadbalancingv2-1.11.327.jar:/home/weikangweng/.m2/repository/com/amazonaws/aws-java-sdk-emr/1.11.327/aws-java-sdk-emr-1.11.327.jar:/home/weikangweng/.m2/repository/com/amazonaws/aws-java-sdk-elasticache/1.11.327/aws-java-sdk-elasticache-1.11.327.jar:/home/weikangweng/.m2/repository/com/amazonaws/aws-java-sdk-elastictranscoder/1.11.327/aws-java-sdk-elastictranscoder-1.11.327.jar:/home/weikangweng/.m2/repository/com/amazonaws/aws-java-sdk-ec2/1.11.327/aws-java-sdk-ec2-1.11.327.jar:/home/weikangweng/.m2/repository/com/amazonaws/aws-java-sdk-dynamodb/1.11.327/aws-java-sdk-dynamodb-1.11.327.jar:/home/weikangweng/.m2/repository/com/amazonaws/aws-java-sdk-sns/1.11.327/aws-java-sdk-sns-1.11.327.jar:/home/weikangweng/.m2/repository/com/amazonaws/aws-java-sdk-budgets/1.11.327/aws-java-sdk-budgets-1.11.327.jar:/home/weikangweng/.m2/repository/com/amazonaws/aws-java-sdk-cloudtrail/1.11.327/aws-java-sdk-cloudtrail-1.11.327.jar:/home/weikangweng/.m2/repository/com/amazonaws/aws-java-sdk-cloudwatch/1.11.327/aws-java-sdk-cloudwatch-1.11.327.jar:/home/weikangweng/.m2/repository/com/amazonaws/aws-java-sdk-logs/1.11.327/aws-java-sdk-logs-1.11.327.jar:/home/weikangweng/.m2/repository/com/amazonaws/aws-java-sdk-events/1.11.327/aws-java-sdk-events-1.11.327.jar:/home/weikangweng/.m2/repository/com/amazonaws/aws-java-sdk-cognitoidentity/1.11.327/aws-java-sdk-cognitoidentity-1.11.327.jar:/home/weikangweng/.m2/repository/com/amazonaws/aws-java-sdk-cognitosync/1.11.327/aws-java-sdk-cognitosync-1.11.327.jar:/home/weikangweng/.m2/repository/com/amazonaws/aws-java-sdk-directconnect/1.11.327/aws-java-sdk-directconnect-1.11.327.jar:/home/weikangweng/.m2/repository/com/amazonaws/aws-java-sdk-cloudformation/1.11.327/aws-java-sdk-cloudformation-1.11.327.jar:/home/weikangweng/.m2/repository/com/amazonaws/aws-java-sdk-cloudfront/1.11.327/aws-java-sdk-cloudfront-1.11.327.jar:/home/weikangweng/.m2/repository/com/amazonaws/aws-java-sdk-clouddirectory/1.11.327/aws-java-sdk-clouddirectory-1.11.327.jar:/home/weikangweng/.m2/repository/com/amazonaws/aws-java-sdk-kinesis/1.11.327/aws-java-sdk-kinesis-1.11.327.jar:/home/weikangweng/.m2/repository/com/amazonaws/aws-java-sdk-opsworks/1.11.327/aws-java-sdk-opsworks-1.11.327.jar:/home/weikangweng/.m2/repository/com/amazonaws/aws-java-sdk-ses/1.11.327/aws-java-sdk-ses-1.11.327.jar:/home/weikangweng/.m2/repository/com/amazonaws/aws-java-sdk-autoscaling/1.11.327/aws-java-sdk-autoscaling-1.11.327.jar:/home/weikangweng/.m2/repository/com/amazonaws/aws-java-sdk-cloudsearch/1.11.327/aws-java-sdk-cloudsearch-1.11.327.jar:/home/weikangweng/.m2/repository/com/amazonaws/aws-java-sdk-cloudwatchmetrics/1.11.327/aws-java-sdk-cloudwatchmetrics-1.11.327.jar:/home/weikangweng/.m2/repository/com/amazonaws/aws-java-sdk-codedeploy/1.11.327/aws-java-sdk-codedeploy-1.11.327.jar:/home/weikangweng/.m2/repository/com/amazonaws/aws-java-sdk-codepipeline/1.11.327/aws-java-sdk-codepipeline-1.11.327.jar:/home/weikangweng/.m2/repository/com/amazonaws/aws-java-sdk-kms/1.11.327/aws-java-sdk-kms-1.11.327.jar:/home/weikangweng/.m2/repository/com/amazonaws/aws-java-sdk-config/1.11.327/aws-java-sdk-config-1.11.327.jar:/home/weikangweng/.m2/repository/com/amazonaws/aws-java-sdk-lambda/1.11.327/aws-java-sdk-lambda-1.11.327.jar:/home/weikangweng/.m2/repository/com/amazonaws/aws-java-sdk-ecr/1.11.327/aws-java-sdk-ecr-1.11.327.jar:/home/weikangweng/.m2/repository/com/amazonaws/aws-java-sdk-cloudhsm/1.11.327/aws-java-sdk-cloudhsm-1.11.327.jar:/home/weikangweng/.m2/repository/com/amazonaws/aws-java-sdk-ssm/1.11.327/aws-java-sdk-ssm-1.11.327.jar:/home/weikangweng/.m2/repository/com/amazonaws/aws-java-sdk-workspaces/1.11.327/aws-java-sdk-workspaces-1.11.327.jar:/home/weikangweng/.m2/repository/com/amazonaws/aws-java-sdk-machinelearning/1.11.327/aws-java-sdk-machinelearning-1.11.327.jar:/home/weikangweng/.m2/repository/com/amazonaws/aws-java-sdk-directory/1.11.327/aws-java-sdk-directory-1.11.327.jar:/home/weikangweng/.m2/repository/com/amazonaws/aws-java-sdk-efs/1.11.327/aws-java-sdk-efs-1.11.327.jar:/home/weikangweng/.m2/repository/com/amazonaws/aws-java-sdk-codecommit/1.11.327/aws-java-sdk-codecommit-1.11.327.jar:/home/weikangweng/.m2/repository/com/amazonaws/aws-java-sdk-devicefarm/1.11.327/aws-java-sdk-devicefarm-1.11.327.jar:/home/weikangweng/.m2/repository/com/amazonaws/aws-java-sdk-elasticsearch/1.11.327/aws-java-sdk-elasticsearch-1.11.327.jar:/home/weikangweng/.m2/repository/com/amazonaws/aws-java-sdk-waf/1.11.327/aws-java-sdk-waf-1.11.327.jar:/home/weikangweng/.m2/repository/com/amazonaws/aws-java-sdk-marketplacecommerceanalytics/1.11.327/aws-java-sdk-marketplacecommerceanalytics-1.11.327.jar:/home/weikangweng/.m2/repository/com/amazonaws/aws-java-sdk-inspector/1.11.327/aws-java-sdk-inspector-1.11.327.jar:/home/weikangweng/.m2/repository/com/amazonaws/aws-java-sdk-iot/1.11.327/aws-java-sdk-iot-1.11.327.jar:/home/weikangweng/.m2/repository/com/amazonaws/aws-java-sdk-api-gateway/1.11.327/aws-java-sdk-api-gateway-1.11.327.jar:/home/weikangweng/.m2/repository/com/amazonaws/aws-java-sdk-acm/1.11.327/aws-java-sdk-acm-1.11.327.jar:/home/weikangweng/.m2/repository/com/amazonaws/aws-java-sdk-gamelift/1.11.327/aws-java-sdk-gamelift-1.11.327.jar:/home/weikangweng/.m2/repository/com/amazonaws/aws-java-sdk-dms/1.11.327/aws-java-sdk-dms-1.11.327.jar:/home/weikangweng/.m2/repository/com/amazonaws/aws-java-sdk-marketplacemeteringservice/1.11.327/aws-java-sdk-marketplacemeteringservice-1.11.327.jar:/home/weikangweng/.m2/repository/com/amazonaws/aws-java-sdk-cognitoidp/1.11.327/aws-java-sdk-cognitoidp-1.11.327.jar:/home/weikangweng/.m2/repository/com/amazonaws/aws-java-sdk-discovery/1.11.327/aws-java-sdk-discovery-1.11.327.jar:/home/weikangweng/.m2/repository/com/amazonaws/aws-java-sdk-applicationautoscaling/1.11.327/aws-java-sdk-applicationautoscaling-1.11.327.jar:/home/weikangweng/.m2/repository/com/amazonaws/aws-java-sdk-snowball/1.11.327/aws-java-sdk-snowball-1.11.327.jar:/home/weikangweng/.m2/repository/com/amazonaws/aws-java-sdk-rekognition/1.11.327/aws-java-sdk-rekognition-1.11.327.jar:/home/weikangweng/.m2/repository/com/amazonaws/aws-java-sdk-polly/1.11.327/aws-java-sdk-polly-1.11.327.jar:/home/weikangweng/.m2/repository/com/amazonaws/aws-java-sdk-lightsail/1.11.327/aws-java-sdk-lightsail-1.11.327.jar:/home/weikangweng/.m2/repository/com/amazonaws/aws-java-sdk-stepfunctions/1.11.327/aws-java-sdk-stepfunctions-1.11.327.jar:/home/weikangweng/.m2/repository/com/amazonaws/aws-java-sdk-health/1.11.327/aws-java-sdk-health-1.11.327.jar:/home/weikangweng/.m2/repository/com/amazonaws/aws-java-sdk-costandusagereport/1.11.327/aws-java-sdk-costandusagereport-1.11.327.jar:/home/weikangweng/.m2/repository/com/amazonaws/aws-java-sdk-codebuild/1.11.327/aws-java-sdk-codebuild-1.11.327.jar:/home/weikangweng/.m2/repository/com/amazonaws/aws-java-sdk-appstream/1.11.327/aws-java-sdk-appstream-1.11.327.jar:/home/weikangweng/.m2/repository/com/amazonaws/aws-java-sdk-shield/1.11.327/aws-java-sdk-shield-1.11.327.jar:/home/weikangweng/.m2/repository/com/amazonaws/aws-java-sdk-batch/1.11.327/aws-java-sdk-batch-1.11.327.jar:/home/weikangweng/.m2/repository/com/amazonaws/aws-java-sdk-lex/1.11.327/aws-java-sdk-lex-1.11.327.jar:/home/weikangweng/.m2/repository/com/amazonaws/aws-java-sdk-mechanicalturkrequester/1.11.327/aws-java-sdk-mechanicalturkrequester-1.11.327.jar:/home/weikangweng/.m2/repository/com/amazonaws/aws-java-sdk-organizations/1.11.327/aws-java-sdk-organizations-1.11.327.jar:/home/weikangweng/.m2/repository/com/amazonaws/aws-java-sdk-workdocs/1.11.327/aws-java-sdk-workdocs-1.11.327.jar:/home/weikangweng/.m2/repository/com/amazonaws/aws-java-sdk-models/1.11.327/aws-java-sdk-models-1.11.327.jar:/home/weikangweng/.m2/repository/com/amazonaws/aws-java-sdk-swf-libraries/1.11.22/aws-java-sdk-swf-libraries-1.11.22.jar:"/>
    <property name="java.vm.vendor" value="Private Build"/>
    <property name="sun.arch.data.model" value="64"/>
    <property name="java.vendor.url" value="http://java.oracle.com/"/>
    <property name="user.timezone" value=""/>
    <property name="java.vm.specification.version" value="1.8"/>
    <property name="os.name" value="Linux"/>
    <property name="user.country" value="US"/>
    <property name="sun.java.launcher" value="SUN_STANDARD"/>
    <property name="sun.boot.library.path" value="/usr/lib/jvm/java-8-openjdk-amd64/jre/lib/amd64"/>
    <property name="sun.java.command" value="/home/weikangweng/Documents/CloudProject/IN4392-Cloud-Computing/cloudC/target/surefire/surefirebooter6564708484639090997.jar /home/weikangweng/Documents/CloudProject/IN4392-Cloud-Computing/cloudC/target/surefire 2020-06-15T21-41-54_807-jvmRun1 surefire7268030613922754563tmp surefire_06315933135423822171tmp"/>
    <property name="surefire.test.class.path" value="/home/weikangweng/Documents/CloudProject/IN4392-Cloud-Computing/cloudC/target/test-classes:/home/weikangweng/Documents/CloudProject/IN4392-Cloud-Computing/cloudC/target/classes:/home/weikangweng/.m2/repository/org/springframework/boot/spring-boot-starter-data-jpa/2.3.1.RELEASE/spring-boot-starter-data-jpa-2.3.1.RELEASE.jar:/home/weikangweng/.m2/repository/org/springframework/boot/spring-boot-starter-aop/2.3.1.RELEASE/spring-boot-starter-aop-2.3.1.RELEASE.jar:/home/weikangweng/.m2/repository/org/springframework/spring-aop/5.2.7.RELEASE/spring-aop-5.2.7.RELEASE.jar:/home/weikangweng/.m2/repository/org/aspectj/aspectjweaver/1.9.5/aspectjweaver-1.9.5.jar:/home/weikangweng/.m2/repository/jakarta/transaction/jakarta.transaction-api/1.3.3/jakarta.transaction-api-1.3.3.jar:/home/weikangweng/.m2/repository/jakarta/persistence/jakarta.persistence-api/2.2.3/jakarta.persistence-api-2.2.3.jar:/home/weikangweng/.m2/repository/org/hibernate/hibernate-core/5.4.17.Final/hibernate-core-5.4.17.Final.jar:/home/weikangweng/.m2/repository/org/jboss/logging/jboss-logging/3.4.1.Final/jboss-logging-3.4.1.Final.jar:/home/weikangweng/.m2/repository/org/javassist/javassist/3.24.0-GA/javassist-3.24.0-GA.jar:/home/weikangweng/.m2/repository/net/bytebuddy/byte-buddy/1.10.11/byte-buddy-1.10.11.jar:/home/weikangweng/.m2/repository/antlr/antlr/2.7.7/antlr-2.7.7.jar:/home/weikangweng/.m2/repository/org/jboss/jandex/2.1.3.Final/jandex-2.1.3.Final.jar:/home/weikangweng/.m2/repository/com/fasterxml/classmate/1.5.1/classmate-1.5.1.jar:/home/weikangweng/.m2/repository/org/dom4j/dom4j/2.1.3/dom4j-2.1.3.jar:/home/weikangweng/.m2/repository/org/hibernate/common/hibernate-commons-annotations/5.1.0.Final/hibernate-commons-annotations-5.1.0.Final.jar:/home/weikangweng/.m2/repository/org/glassfish/jaxb/jaxb-runtime/2.3.3/jaxb-runtime-2.3.3.jar:/home/weikangweng/.m2/repository/org/glassfish/jaxb/txw2/2.3.3/txw2-2.3.3.jar:/home/weikangweng/.m2/repository/com/sun/istack/istack-commons-runtime/3.0.11/istack-commons-runtime-3.0.11.jar:/home/weikangweng/.m2/repository/org/springframework/data/spring-data-jpa/2.3.1.RELEASE/spring-data-jpa-2.3.1.RELEASE.jar:/home/weikangweng/.m2/repository/org/springframework/data/spring-data-commons/2.3.1.RELEASE/spring-data-commons-2.3.1.RELEASE.jar:/home/weikangweng/.m2/repository/org/springframework/spring-orm/5.2.7.RELEASE/spring-orm-5.2.7.RELEASE.jar:/home/weikangweng/.m2/repository/org/springframework/spring-context/5.2.7.RELEASE/spring-context-5.2.7.RELEASE.jar:/home/weikangweng/.m2/repository/org/springframework/spring-tx/5.2.7.RELEASE/spring-tx-5.2.7.RELEASE.jar:/home/weikangweng/.m2/repository/org/springframework/spring-beans/5.2.7.RELEASE/spring-beans-5.2.7.RELEASE.jar:/home/weikangweng/.m2/repository/org/springframework/spring-aspects/5.2.7.RELEASE/spring-aspects-5.2.7.RELEASE.jar:/home/weikangweng/.m2/repository/org/springframework/boot/spring-boot-starter-web/2.3.1.RELEASE/spring-boot-starter-web-2.3.1.RELEASE.jar:/home/weikangweng/.m2/repository/org/springframework/boot/spring-boot-starter/2.3.1.RELEASE/spring-boot-starter-2.3.1.RELEASE.jar:/home/weikangweng/.m2/repository/org/springframework/boot/spring-boot-starter-logging/2.3.1.RELEASE/spring-boot-starter-logging-2.3.1.RELEASE.jar:/home/weikangweng/.m2/repository/ch/qos/logback/logback-classic/1.2.3/logback-classic-1.2.3.jar:/home/weikangweng/.m2/repository/ch/qos/logback/logback-core/1.2.3/logback-core-1.2.3.jar:/home/weikangweng/.m2/repository/org/apache/logging/log4j/log4j-to-slf4j/2.13.3/log4j-to-slf4j-2.13.3.jar:/home/weikangweng/.m2/repository/org/slf4j/jul-to-slf4j/1.7.30/jul-to-slf4j-1.7.30.jar:/home/weikangweng/.m2/repository/jakarta/annotation/jakarta.annotation-api/1.3.5/jakarta.annotation-api-1.3.5.jar:/home/weikangweng/.m2/repository/org/yaml/snakeyaml/1.26/snakeyaml-1.26.jar:/home/weikangweng/.m2/repository/org/springframework/boot/spring-boot-starter-json/2.3.1.RELEASE/spring-boot-starter-json-2.3.1.RELEASE.jar:/home/weikangweng/.m2/repository/com/fasterxml/jackson/core/jackson-databind/2.11.0/jackson-databind-2.11.0.jar:/home/weikangweng/.m2/repository/com/fasterxml/jackson/datatype/jackson-datatype-jdk8/2.11.0/jackson-datatype-jdk8-2.11.0.jar:/home/weikangweng/.m2/repository/com/fasterxml/jackson/datatype/jackson-datatype-jsr310/2.11.0/jackson-datatype-jsr310-2.11.0.jar:/home/weikangweng/.m2/repository/com/fasterxml/jackson/module/jackson-module-parameter-names/2.11.0/jackson-module-parameter-names-2.11.0.jar:/home/weikangweng/.m2/repository/org/springframework/boot/spring-boot-starter-tomcat/2.3.1.RELEASE/spring-boot-starter-tomcat-2.3.1.RELEASE.jar:/home/weikangweng/.m2/repository/org/apache/tomcat/embed/tomcat-embed-core/9.0.36/tomcat-embed-core-9.0.36.jar:/home/weikangweng/.m2/repository/org/glassfish/jakarta.el/3.0.3/jakarta.el-3.0.3.jar:/home/weikangweng/.m2/repository/org/apache/tomcat/embed/tomcat-embed-websocket/9.0.36/tomcat-embed-websocket-9.0.36.jar:/home/weikangweng/.m2/repository/org/springframework/spring-web/5.2.7.RELEASE/spring-web-5.2.7.RELEASE.jar:/home/weikangweng/.m2/repository/org/springframework/spring-webmvc/5.2.7.RELEASE/spring-webmvc-5.2.7.RELEASE.jar:/home/weikangweng/.m2/repository/org/springframework/spring-expression/5.2.7.RELEASE/spring-expression-5.2.7.RELEASE.jar:/home/weikangweng/.m2/repository/org/postgresql/postgresql/42.2.14/postgresql-42.2.14.jar:/home/weikangweng/.m2/repository/org/springframework/boot/spring-boot-starter-test/2.3.1.RELEASE/spring-boot-starter-test-2.3.1.RELEASE.jar:/home/weikangweng/.m2/repository/org/springframework/boot/spring-boot-test/2.3.1.RELEASE/spring-boot-test-2.3.1.RELEASE.jar:/home/weikangweng/.m2/repository/org/springframework/boot/spring-boot-test-autoconfigure/2.3.1.RELEASE/spring-boot-test-autoconfigure-2.3.1.RELEASE.jar:/home/weikangweng/.m2/repository/com/jayway/jsonpath/json-path/2.4.0/json-path-2.4.0.jar:/home/weikangweng/.m2/repository/net/minidev/json-smart/2.3/json-smart-2.3.jar:/home/weikangweng/.m2/repository/net/minidev/accessors-smart/1.2/accessors-smart-1.2.jar:/home/weikangweng/.m2/repository/org/ow2/asm/asm/5.0.4/asm-5.0.4.jar:/home/weikangweng/.m2/repository/jakarta/xml/bind/jakarta.xml.bind-api/2.3.3/jakarta.xml.bind-api-2.3.3.jar:/home/weikangweng/.m2/repository/jakarta/activation/jakarta.activation-api/1.2.2/jakarta.activation-api-1.2.2.jar:/home/weikangweng/.m2/repository/org/assertj/assertj-core/3.16.1/assertj-core-3.16.1.jar:/home/weikangweng/.m2/repository/org/hamcrest/hamcrest/2.2/hamcrest-2.2.jar:/home/weikangweng/.m2/repository/org/junit/jupiter/junit-jupiter/5.6.2/junit-jupiter-5.6.2.jar:/home/weikangweng/.m2/repository/org/junit/jupiter/junit-jupiter-params/5.6.2/junit-jupiter-params-5.6.2.jar:/home/weikangweng/.m2/repository/org/mockito/mockito-core/3.3.3/mockito-core-3.3.3.jar:/home/weikangweng/.m2/repository/net/bytebuddy/byte-buddy-agent/1.10.11/byte-buddy-agent-1.10.11.jar:/home/weikangweng/.m2/repository/org/objenesis/objenesis/2.6/objenesis-2.6.jar:/home/weikangweng/.m2/repository/org/mockito/mockito-junit-jupiter/3.3.3/mockito-junit-jupiter-3.3.3.jar:/home/weikangweng/.m2/repository/org/skyscreamer/jsonassert/1.5.0/jsonassert-1.5.0.jar:/home/weikangweng/.m2/repository/com/vaadin/external/google/android-json/0.0.20131108.vaadin1/android-json-0.0.20131108.vaadin1.jar:/home/weikangweng/.m2/repository/org/springframework/spring-core/5.2.7.RELEASE/spring-core-5.2.7.RELEASE.jar:/home/weikangweng/.m2/repository/org/springframework/spring-jcl/5.2.7.RELEASE/spring-jcl-5.2.7.RELEASE.jar:/home/weikangweng/.m2/repository/org/springframework/spring-test/5.2.7.RELEASE/spring-test-5.2.7.RELEASE.jar:/home/weikangweng/.m2/repository/org/xmlunit/xmlunit-core/2.7.0/xmlunit-core-2.7.0.jar:/home/weikangweng/.m2/repository/com/amazonaws/aws-java-sdk-ecs/1.11.799/aws-java-sdk-ecs-1.11.799.jar:/home/weikangweng/.m2/repository/com/amazonaws/aws-java-sdk-core/1.11.327/aws-java-sdk-core-1.11.327.jar:/home/weikangweng/.m2/repository/commons-logging/commons-logging/1.1.3/commons-logging-1.1.3.jar:/home/weikangweng/.m2/repository/org/apache/httpcomponents/httpclient/4.5.12/httpclient-4.5.12.jar:/home/weikangweng/.m2/repository/commons-codec/commons-codec/1.14/commons-codec-1.14.jar:/home/weikangweng/.m2/repository/software/amazon/ion/ion-java/1.0.2/ion-java-1.0.2.jar:/home/weikangweng/.m2/repository/com/fasterxml/jackson/dataformat/jackson-dataformat-cbor/2.11.0/jackson-dataformat-cbor-2.11.0.jar:/home/weikangweng/.m2/repository/joda-time/joda-time/2.8.1/joda-time-2.8.1.jar:/home/weikangweng/.m2/repository/com/amazonaws/jmespath-java/1.11.327/jmespath-java-1.11.327.jar:/home/weikangweng/.m2/repository/com/amazonaws/aws-lambda-java-core/1.2.1/aws-lambda-java-core-1.2.1.jar:/home/weikangweng/.m2/repository/com/google/code/gson/gson/2.8.6/gson-2.8.6.jar:/home/weikangweng/.m2/repository/org/apache/logging/log4j/log4j-api/2.13.0/log4j-api-2.13.0.jar:/home/weikangweng/.m2/repository/org/apache/logging/log4j/log4j-core/2.13.0/log4j-core-2.13.0.jar:/home/weikangweng/.m2/repository/org/apache/logging/log4j/log4j-slf4j18-impl/2.13.0/log4j-slf4j18-impl-2.13.0.jar:/home/weikangweng/.m2/repository/org/slf4j/slf4j-api/1.7.30/slf4j-api-1.7.30.jar:/home/weikangweng/.m2/repository/org/junit/jupiter/junit-jupiter-api/5.6.0/junit-jupiter-api-5.6.0.jar:/home/weikangweng/.m2/repository/org/apiguardian/apiguardian-api/1.1.0/apiguardian-api-1.1.0.jar:/home/weikangweng/.m2/repository/org/opentest4j/opentest4j/1.2.0/opentest4j-1.2.0.jar:/home/weikangweng/.m2/repository/org/junit/platform/junit-platform-commons/1.6.2/junit-platform-commons-1.6.2.jar:/home/weikangweng/.m2/repository/org/junit/jupiter/junit-jupiter-engine/5.6.0/junit-jupiter-engine-5.6.0.jar:/home/weikangweng/.m2/repository/org/junit/platform/junit-platform-engine/1.6.2/junit-platform-engine-1.6.2.jar:/home/weikangweng/.m2/repository/org/springframework/boot/spring-boot-starter-jdbc/2.3.1.RELEASE/spring-boot-starter-jdbc-2.3.1.RELEASE.jar:/home/weikangweng/.m2/repository/com/zaxxer/HikariCP/3.4.5/HikariCP-3.4.5.jar:/home/weikangweng/.m2/repository/org/springframework/spring-jdbc/5.2.7.RELEASE/spring-jdbc-5.2.7.RELEASE.jar:/home/weikangweng/.m2/repository/org/springframework/boot/spring-boot-starter-web-services/2.3.1.RELEASE/spring-boot-starter-web-services-2.3.1.RELEASE.jar:/home/weikangweng/.m2/repository/com/sun/xml/messaging/saaj/saaj-impl/1.5.2/saaj-impl-1.5.2.jar:/home/weikangweng/.m2/repository/jakarta/xml/soap/jakarta.xml.soap-api/1.4.2/jakarta.xml.soap-api-1.4.2.jar:/home/weikangweng/.m2/repository/org/jvnet/staxex/stax-ex/1.8.3/stax-ex-1.8.3.jar:/home/weikangweng/.m2/repository/com/sun/activation/jakarta.activation/1.2.2/jakarta.activation-1.2.2.jar:/home/weikangweng/.m2/repository/jakarta/xml/ws/jakarta.xml.ws-api/2.3.3/jakarta.xml.ws-api-2.3.3.jar:/home/weikangweng/.m2/repository/jakarta/jws/jakarta.jws-api/2.1.0/jakarta.jws-api-2.1.0.jar:/home/weikangweng/.m2/repository/org/springframework/spring-oxm/5.2.7.RELEASE/spring-oxm-5.2.7.RELEASE.jar:/home/weikangweng/.m2/repository/org/springframework/ws/spring-ws-core/3.0.9.RELEASE/spring-ws-core-3.0.9.RELEASE.jar:/home/weikangweng/.m2/repository/org/springframework/ws/spring-xml/3.0.9.RELEASE/spring-xml-3.0.9.RELEASE.jar:/home/weikangweng/.m2/repository/org/springframework/boot/spring-boot-starter-thymeleaf/2.3.1.RELEASE/spring-boot-starter-thymeleaf-2.3.1.RELEASE.jar:/home/weikangweng/.m2/repository/org/thymeleaf/thymeleaf-spring5/3.0.11.RELEASE/thymeleaf-spring5-3.0.11.RELEASE.jar:/home/weikangweng/.m2/repository/org/thymeleaf/thymeleaf/3.0.11.RELEASE/thymeleaf-3.0.11.RELEASE.jar:/home/weikangweng/.m2/repository/org/attoparser/attoparser/2.0.5.RELEASE/attoparser-2.0.5.RELEASE.jar:/home/weikangweng/.m2/repository/org/unbescape/unbescape/1.1.6.RELEASE/unbescape-1.1.6.RELEASE.jar:/home/weikangweng/.m2/repository/org/thymeleaf/extras/thymeleaf-extras-java8time/3.0.4.RELEASE/thymeleaf-extras-java8time-3.0.4.RELEASE.jar:/home/weikangweng/.m2/repository/org/springframework/boot/spring-boot-devtools/2.3.1.RELEASE/spring-boot-devtools-2.3.1.RELEASE.jar:/home/weikangweng/.m2/repository/org/springframework/boot/spring-boot/2.3.1.RELEASE/spring-boot-2.3.1.RELEASE.jar:/home/weikangweng/.m2/repository/org/springframework/boot/spring-boot-autoconfigure/2.3.1.RELEASE/spring-boot-autoconfigure-2.3.1.RELEASE.jar:/home/weikangweng/.m2/repository/mysql/mysql-connector-java/8.0.20/mysql-connector-java-8.0.20.jar:/home/weikangweng/.m2/repository/org/springframework/security/spring-security-test/5.3.3.RELEASE/spring-security-test-5.3.3.RELEASE.jar:/home/weikangweng/.m2/repository/org/springframework/security/spring-security-core/5.3.3.RELEASE/spring-security-core-5.3.3.RELEASE.jar:/home/weikangweng/.m2/repository/org/springframework/security/spring-security-web/5.3.3.RELEASE/spring-security-web-5.3.3.RELEASE.jar:/home/weikangweng/.m2/repository/software/amazon/awssdk/ec2/2.13.36/ec2-2.13.36.jar:/home/weikangweng/.m2/repository/software/amazon/awssdk/aws-query-protocol/2.13.36/aws-query-protocol-2.13.36.jar:/home/weikangweng/.m2/repository/software/amazon/awssdk/protocol-core/2.13.36/protocol-core-2.13.36.jar:/home/weikangweng/.m2/repository/software/amazon/awssdk/sdk-core/2.13.36/sdk-core-2.13.36.jar:/home/weikangweng/.m2/repository/software/amazon/awssdk/profiles/2.13.36/profiles-2.13.36.jar:/home/weikangweng/.m2/repository/com/fasterxml/jackson/core/jackson-core/2.11.0/jackson-core-2.11.0.jar:/home/weikangweng/.m2/repository/org/reactivestreams/reactive-streams/1.0.3/reactive-streams-1.0.3.jar:/home/weikangweng/.m2/repository/software/amazon/awssdk/auth/2.13.36/auth-2.13.36.jar:/home/weikangweng/.m2/repository/software/amazon/eventstream/eventstream/1.0.1/eventstream-1.0.1.jar:/home/weikangweng/.m2/repository/software/amazon/awssdk/http-client-spi/2.13.36/http-client-spi-2.13.36.jar:/home/weikangweng/.m2/repository/software/amazon/awssdk/regions/2.13.36/regions-2.13.36.jar:/home/weikangweng/.m2/repository/com/fasterxml/jackson/core/jackson-annotations/2.11.0/jackson-annotations-2.11.0.jar:/home/weikangweng/.m2/repository/software/amazon/awssdk/annotations/2.13.36/annotations-2.13.36.jar:/home/weikangweng/.m2/repository/software/amazon/awssdk/utils/2.13.36/utils-2.13.36.jar:/home/weikangweng/.m2/repository/software/amazon/awssdk/aws-core/2.13.36/aws-core-2.13.36.jar:/home/weikangweng/.m2/repository/software/amazon/awssdk/apache-client/2.13.36/apache-client-2.13.36.jar:/home/weikangweng/.m2/repository/org/apache/httpcomponents/httpcore/4.4.13/httpcore-4.4.13.jar:/home/weikangweng/.m2/repository/software/amazon/awssdk/netty-nio-client/2.13.36/netty-nio-client-2.13.36.jar:/home/weikangweng/.m2/repository/io/netty/netty-codec-http/4.1.50.Final/netty-codec-http-4.1.50.Final.jar:/home/weikangweng/.m2/repository/io/netty/netty-codec-http2/4.1.50.Final/netty-codec-http2-4.1.50.Final.jar:/home/weikangweng/.m2/repository/io/netty/netty-codec/4.1.50.Final/netty-codec-4.1.50.Final.jar:/home/weikangweng/.m2/repository/io/netty/netty-transport/4.1.50.Final/netty-transport-4.1.50.Final.jar:/home/weikangweng/.m2/repository/io/netty/netty-resolver/4.1.50.Final/netty-resolver-4.1.50.Final.jar:/home/weikangweng/.m2/repository/io/netty/netty-common/4.1.50.Final/netty-common-4.1.50.Final.jar:/home/weikangweng/.m2/repository/io/netty/netty-buffer/4.1.50.Final/netty-buffer-4.1.50.Final.jar:/home/weikangweng/.m2/repository/io/netty/netty-handler/4.1.50.Final/netty-handler-4.1.50.Final.jar:/home/weikangweng/.m2/repository/io/netty/netty-transport-native-epoll/4.1.50.Final/netty-transport-native-epoll-4.1.50.Final-linux-x86_64.jar:/home/weikangweng/.m2/repository/io/netty/netty-transport-native-unix-common/4.1.50.Final/netty-transport-native-unix-common-4.1.50.Final.jar:/home/weikangweng/.m2/repository/com/typesafe/netty/netty-reactive-streams-http/2.0.4/netty-reactive-streams-http-2.0.4.jar:/home/weikangweng/.m2/repository/com/typesafe/netty/netty-reactive-streams/2.0.4/netty-reactive-streams-2.0.4.jar:/home/weikangweng/.m2/repository/com/amazonaws/aws-java-sdk/1.11.327/aws-java-sdk-1.11.327.jar:/home/weikangweng/.m2/repository/com/amazonaws/aws-java-sdk-iotanalytics/1.11.327/aws-java-sdk-iotanalytics-1.11.327.jar:/home/weikangweng/.m2/repository/com/amazonaws/aws-java-sdk-acmpca/1.11.327/aws-java-sdk-acmpca-1.11.327.jar:/home/weikangweng/.m2/repository/com/amazonaws/aws-java-sdk-secretsmanager/1.11.327/aws-java-sdk-secretsmanager-1.11.327.jar:/home/weikangweng/.m2/repository/com/amazonaws/aws-java-sdk-fms/1.11.327/aws-java-sdk-fms-1.11.327.jar:/home/weikangweng/.m2/repository/com/amazonaws/aws-java-sdk-connect/1.11.327/aws-java-sdk-connect-1.11.327.jar:/home/weikangweng/.m2/repository/com/amazonaws/aws-java-sdk-transcribe/1.11.327/aws-java-sdk-transcribe-1.11.327.jar:/home/weikangweng/.m2/repository/com/amazonaws/aws-java-sdk-autoscalingplans/1.11.327/aws-java-sdk-autoscalingplans-1.11.327.jar:/home/weikangweng/.m2/repository/com/amazonaws/aws-java-sdk-workmail/1.11.327/aws-java-sdk-workmail-1.11.327.jar:/home/weikangweng/.m2/repository/com/amazonaws/aws-java-sdk-servicediscovery/1.11.327/aws-java-sdk-servicediscovery-1.11.327.jar:/home/weikangweng/.m2/repository/com/amazonaws/aws-java-sdk-cloud9/1.11.327/aws-java-sdk-cloud9-1.11.327.jar:/home/weikangweng/.m2/repository/com/amazonaws/aws-java-sdk-serverlessapplicationrepository/1.11.327/aws-java-sdk-serverlessapplicationrepository-1.11.327.jar:/home/weikangweng/.m2/repository/com/amazonaws/aws-java-sdk-alexaforbusiness/1.11.327/aws-java-sdk-alexaforbusiness-1.11.327.jar:/home/weikangweng/.m2/repository/com/amazonaws/aws-java-sdk-resourcegroups/1.11.327/aws-java-sdk-resourcegroups-1.11.327.jar:/home/weikangweng/.m2/repository/com/amazonaws/aws-java-sdk-comprehend/1.11.327/aws-java-sdk-comprehend-1.11.327.jar:/home/weikangweng/.m2/repository/com/amazonaws/aws-java-sdk-translate/1.11.327/aws-java-sdk-translate-1.11.327.jar:/home/weikangweng/.m2/repository/com/amazonaws/aws-java-sdk-sagemaker/1.11.327/aws-java-sdk-sagemaker-1.11.327.jar:/home/weikangweng/.m2/repository/com/amazonaws/aws-java-sdk-iotjobsdataplane/1.11.327/aws-java-sdk-iotjobsdataplane-1.11.327.jar:/home/weikangweng/.m2/repository/com/amazonaws/aws-java-sdk-sagemakerruntime/1.11.327/aws-java-sdk-sagemakerruntime-1.11.327.jar:/home/weikangweng/.m2/repository/com/amazonaws/aws-java-sdk-kinesisvideo/1.11.327/aws-java-sdk-kinesisvideo-1.11.327.jar:/home/weikangweng/.m2/repository/com/amazonaws/aws-java-sdk-appsync/1.11.327/aws-java-sdk-appsync-1.11.327.jar:/home/weikangweng/.m2/repository/com/amazonaws/aws-java-sdk-guardduty/1.11.327/aws-java-sdk-guardduty-1.11.327.jar:/home/weikangweng/.m2/repository/com/amazonaws/aws-java-sdk-mq/1.11.327/aws-java-sdk-mq-1.11.327.jar:/home/weikangweng/.m2/repository/com/amazonaws/aws-java-sdk-mediaconvert/1.11.327/aws-java-sdk-mediaconvert-1.11.327.jar:/home/weikangweng/.m2/repository/com/amazonaws/aws-java-sdk-mediastore/1.11.327/aws-java-sdk-mediastore-1.11.327.jar:/home/weikangweng/.m2/repository/com/amazonaws/aws-java-sdk-mediastoredata/1.11.327/aws-java-sdk-mediastoredata-1.11.327.jar:/home/weikangweng/.m2/repository/com/amazonaws/aws-java-sdk-medialive/1.11.327/aws-java-sdk-medialive-1.11.327.jar:/home/weikangweng/.m2/repository/com/amazonaws/aws-java-sdk-mediapackage/1.11.327/aws-java-sdk-mediapackage-1.11.327.jar:/home/weikangweng/.m2/repository/com/amazonaws/aws-java-sdk-costexplorer/1.11.327/aws-java-sdk-costexplorer-1.11.327.jar:/home/weikangweng/.m2/repository/com/amazonaws/aws-java-sdk-pricing/1.11.327/aws-java-sdk-pricing-1.11.327.jar:/home/weikangweng/.m2/repository/com/amazonaws/aws-java-sdk-mobile/1.11.327/aws-java-sdk-mobile-1.11.327.jar:/home/weikangweng/.m2/repository/com/amazonaws/aws-java-sdk-cloudhsmv2/1.11.327/aws-java-sdk-cloudhsmv2-1.11.327.jar:/home/weikangweng/.m2/repository/com/amazonaws/aws-java-sdk-glue/1.11.327/aws-java-sdk-glue-1.11.327.jar:/home/weikangweng/.m2/repository/com/amazonaws/aws-java-sdk-migrationhub/1.11.327/aws-java-sdk-migrationhub-1.11.327.jar:/home/weikangweng/.m2/repository/com/amazonaws/aws-java-sdk-dax/1.11.327/aws-java-sdk-dax-1.11.327.jar:/home/weikangweng/.m2/repository/com/amazonaws/aws-java-sdk-greengrass/1.11.327/aws-java-sdk-greengrass-1.11.327.jar:/home/weikangweng/.m2/repository/com/amazonaws/aws-java-sdk-athena/1.11.327/aws-java-sdk-athena-1.11.327.jar:/home/weikangweng/.m2/repository/com/amazonaws/aws-java-sdk-marketplaceentitlement/1.11.327/aws-java-sdk-marketplaceentitlement-1.11.327.jar:/home/weikangweng/.m2/repository/com/amazonaws/aws-java-sdk-codestar/1.11.327/aws-java-sdk-codestar-1.11.327.jar:/home/weikangweng/.m2/repository/com/amazonaws/aws-java-sdk-lexmodelbuilding/1.11.327/aws-java-sdk-lexmodelbuilding-1.11.327.jar:/home/weikangweng/.m2/repository/com/amazonaws/aws-java-sdk-resourcegroupstaggingapi/1.11.327/aws-java-sdk-resourcegroupstaggingapi-1.11.327.jar:/home/weikangweng/.m2/repository/com/amazonaws/aws-java-sdk-pinpoint/1.11.327/aws-java-sdk-pinpoint-1.11.327.jar:/home/weikangweng/.m2/repository/com/amazonaws/aws-java-sdk-xray/1.11.327/aws-java-sdk-xray-1.11.327.jar:/home/weikangweng/.m2/repository/com/amazonaws/aws-java-sdk-opsworkscm/1.11.327/aws-java-sdk-opsworkscm-1.11.327.jar:/home/weikangweng/.m2/repository/com/amazonaws/aws-java-sdk-support/1.11.327/aws-java-sdk-support-1.11.327.jar:/home/weikangweng/.m2/repository/com/amazonaws/aws-java-sdk-simpledb/1.11.327/aws-java-sdk-simpledb-1.11.327.jar:/home/weikangweng/.m2/repository/com/amazonaws/aws-java-sdk-servicecatalog/1.11.327/aws-java-sdk-servicecatalog-1.11.327.jar:/home/weikangweng/.m2/repository/com/amazonaws/aws-java-sdk-servermigration/1.11.327/aws-java-sdk-servermigration-1.11.327.jar:/home/weikangweng/.m2/repository/com/amazonaws/aws-java-sdk-simpleworkflow/1.11.327/aws-java-sdk-simpleworkflow-1.11.327.jar:/home/weikangweng/.m2/repository/com/amazonaws/aws-java-sdk-storagegateway/1.11.327/aws-java-sdk-storagegateway-1.11.327.jar:/home/weikangweng/.m2/repository/com/amazonaws/aws-java-sdk-route53/1.11.327/aws-java-sdk-route53-1.11.327.jar:/home/weikangweng/.m2/repository/com/amazonaws/aws-java-sdk-s3/1.11.327/aws-java-sdk-s3-1.11.327.jar:/home/weikangweng/.m2/repository/com/amazonaws/aws-java-sdk-importexport/1.11.327/aws-java-sdk-importexport-1.11.327.jar:/home/weikangweng/.m2/repository/com/amazonaws/aws-java-sdk-sts/1.11.327/aws-java-sdk-sts-1.11.327.jar:/home/weikangweng/.m2/repository/com/amazonaws/aws-java-sdk-sqs/1.11.327/aws-java-sdk-sqs-1.11.327.jar:/home/weikangweng/.m2/repository/com/amazonaws/aws-java-sdk-rds/1.11.327/aws-java-sdk-rds-1.11.327.jar:/home/weikangweng/.m2/repository/com/amazonaws/aws-java-sdk-redshift/1.11.327/aws-java-sdk-redshift-1.11.327.jar:/home/weikangweng/.m2/repository/com/amazonaws/aws-java-sdk-elasticbeanstalk/1.11.327/aws-java-sdk-elasticbeanstalk-1.11.327.jar:/home/weikangweng/.m2/repository/com/amazonaws/aws-java-sdk-glacier/1.11.327/aws-java-sdk-glacier-1.11.327.jar:/home/weikangweng/.m2/repository/com/amazonaws/aws-java-sdk-iam/1.11.327/aws-java-sdk-iam-1.11.327.jar:/home/weikangweng/.m2/repository/com/amazonaws/aws-java-sdk-datapipeline/1.11.327/aws-java-sdk-datapipeline-1.11.327.jar:/home/weikangweng/.m2/repository/com/amazonaws/aws-java-sdk-elasticloadbalancing/1.11.327/aws-java-sdk-elasticloadbalancing-1.11.327.jar:/home/weikangweng/.m2/repository/com/amazonaws/aws-java-sdk-elasticloadbalancingv2/1.11.327/aws-java-sdk-elasticloadbalancingv2-1.11.327.jar:/home/weikangweng/.m2/repository/com/amazonaws/aws-java-sdk-emr/1.11.327/aws-java-sdk-emr-1.11.327.jar:/home/weikangweng/.m2/repository/com/amazonaws/aws-java-sdk-elasticache/1.11.327/aws-java-sdk-elasticache-1.11.327.jar:/home/weikangweng/.m2/repository/com/amazonaws/aws-java-sdk-elastictranscoder/1.11.327/aws-java-sdk-elastictranscoder-1.11.327.jar:/home/weikangweng/.m2/repository/com/amazonaws/aws-java-sdk-ec2/1.11.327/aws-java-sdk-ec2-1.11.327.jar:/home/weikangweng/.m2/repository/com/amazonaws/aws-java-sdk-dynamodb/1.11.327/aws-java-sdk-dynamodb-1.11.327.jar:/home/weikangweng/.m2/repository/com/amazonaws/aws-java-sdk-sns/1.11.327/aws-java-sdk-sns-1.11.327.jar:/home/weikangweng/.m2/repository/com/amazonaws/aws-java-sdk-budgets/1.11.327/aws-java-sdk-budgets-1.11.327.jar:/home/weikangweng/.m2/repository/com/amazonaws/aws-java-sdk-cloudtrail/1.11.327/aws-java-sdk-cloudtrail-1.11.327.jar:/home/weikangweng/.m2/repository/com/amazonaws/aws-java-sdk-cloudwatch/1.11.327/aws-java-sdk-cloudwatch-1.11.327.jar:/home/weikangweng/.m2/repository/com/amazonaws/aws-java-sdk-logs/1.11.327/aws-java-sdk-logs-1.11.327.jar:/home/weikangweng/.m2/repository/com/amazonaws/aws-java-sdk-events/1.11.327/aws-java-sdk-events-1.11.327.jar:/home/weikangweng/.m2/repository/com/amazonaws/aws-java-sdk-cognitoidentity/1.11.327/aws-java-sdk-cognitoidentity-1.11.327.jar:/home/weikangweng/.m2/repository/com/amazonaws/aws-java-sdk-cognitosync/1.11.327/aws-java-sdk-cognitosync-1.11.327.jar:/home/weikangweng/.m2/repository/com/amazonaws/aws-java-sdk-directconnect/1.11.327/aws-java-sdk-directconnect-1.11.327.jar:/home/weikangweng/.m2/repository/com/amazonaws/aws-java-sdk-cloudformation/1.11.327/aws-java-sdk-cloudformation-1.11.327.jar:/home/weikangweng/.m2/repository/com/amazonaws/aws-java-sdk-cloudfront/1.11.327/aws-java-sdk-cloudfront-1.11.327.jar:/home/weikangweng/.m2/repository/com/amazonaws/aws-java-sdk-clouddirectory/1.11.327/aws-java-sdk-clouddirectory-1.11.327.jar:/home/weikangweng/.m2/repository/com/amazonaws/aws-java-sdk-kinesis/1.11.327/aws-java-sdk-kinesis-1.11.327.jar:/home/weikangweng/.m2/repository/com/amazonaws/aws-java-sdk-opsworks/1.11.327/aws-java-sdk-opsworks-1.11.327.jar:/home/weikangweng/.m2/repository/com/amazonaws/aws-java-sdk-ses/1.11.327/aws-java-sdk-ses-1.11.327.jar:/home/weikangweng/.m2/repository/com/amazonaws/aws-java-sdk-autoscaling/1.11.327/aws-java-sdk-autoscaling-1.11.327.jar:/home/weikangweng/.m2/repository/com/amazonaws/aws-java-sdk-cloudsearch/1.11.327/aws-java-sdk-cloudsearch-1.11.327.jar:/home/weikangweng/.m2/repository/com/amazonaws/aws-java-sdk-cloudwatchmetrics/1.11.327/aws-java-sdk-cloudwatchmetrics-1.11.327.jar:/home/weikangweng/.m2/repository/com/amazonaws/aws-java-sdk-codedeploy/1.11.327/aws-java-sdk-codedeploy-1.11.327.jar:/home/weikangweng/.m2/repository/com/amazonaws/aws-java-sdk-codepipeline/1.11.327/aws-java-sdk-codepipeline-1.11.327.jar:/home/weikangweng/.m2/repository/com/amazonaws/aws-java-sdk-kms/1.11.327/aws-java-sdk-kms-1.11.327.jar:/home/weikangweng/.m2/repository/com/amazonaws/aws-java-sdk-config/1.11.327/aws-java-sdk-config-1.11.327.jar:/home/weikangweng/.m2/repository/com/amazonaws/aws-java-sdk-lambda/1.11.327/aws-java-sdk-lambda-1.11.327.jar:/home/weikangweng/.m2/repository/com/amazonaws/aws-java-sdk-ecr/1.11.327/aws-java-sdk-ecr-1.11.327.jar:/home/weikangweng/.m2/repository/com/amazonaws/aws-java-sdk-cloudhsm/1.11.327/aws-java-sdk-cloudhsm-1.11.327.jar:/home/weikangweng/.m2/repository/com/amazonaws/aws-java-sdk-ssm/1.11.327/aws-java-sdk-ssm-1.11.327.jar:/home/weikangweng/.m2/repository/com/amazonaws/aws-java-sdk-workspaces/1.11.327/aws-java-sdk-workspaces-1.11.327.jar:/home/weikangweng/.m2/repository/com/amazonaws/aws-java-sdk-machinelearning/1.11.327/aws-java-sdk-machinelearning-1.11.327.jar:/home/weikangweng/.m2/repository/com/amazonaws/aws-java-sdk-directory/1.11.327/aws-java-sdk-directory-1.11.327.jar:/home/weikangweng/.m2/repository/com/amazonaws/aws-java-sdk-efs/1.11.327/aws-java-sdk-efs-1.11.327.jar:/home/weikangweng/.m2/repository/com/amazonaws/aws-java-sdk-codecommit/1.11.327/aws-java-sdk-codecommit-1.11.327.jar:/home/weikangweng/.m2/repository/com/amazonaws/aws-java-sdk-devicefarm/1.11.327/aws-java-sdk-devicefarm-1.11.327.jar:/home/weikangweng/.m2/repository/com/amazonaws/aws-java-sdk-elasticsearch/1.11.327/aws-java-sdk-elasticsearch-1.11.327.jar:/home/weikangweng/.m2/repository/com/amazonaws/aws-java-sdk-waf/1.11.327/aws-java-sdk-waf-1.11.327.jar:/home/weikangweng/.m2/repository/com/amazonaws/aws-java-sdk-marketplacecommerceanalytics/1.11.327/aws-java-sdk-marketplacecommerceanalytics-1.11.327.jar:/home/weikangweng/.m2/repository/com/amazonaws/aws-java-sdk-inspector/1.11.327/aws-java-sdk-inspector-1.11.327.jar:/home/weikangweng/.m2/repository/com/amazonaws/aws-java-sdk-iot/1.11.327/aws-java-sdk-iot-1.11.327.jar:/home/weikangweng/.m2/repository/com/amazonaws/aws-java-sdk-api-gateway/1.11.327/aws-java-sdk-api-gateway-1.11.327.jar:/home/weikangweng/.m2/repository/com/amazonaws/aws-java-sdk-acm/1.11.327/aws-java-sdk-acm-1.11.327.jar:/home/weikangweng/.m2/repository/com/amazonaws/aws-java-sdk-gamelift/1.11.327/aws-java-sdk-gamelift-1.11.327.jar:/home/weikangweng/.m2/repository/com/amazonaws/aws-java-sdk-dms/1.11.327/aws-java-sdk-dms-1.11.327.jar:/home/weikangweng/.m2/repository/com/amazonaws/aws-java-sdk-marketplacemeteringservice/1.11.327/aws-java-sdk-marketplacemeteringservice-1.11.327.jar:/home/weikangweng/.m2/repository/com/amazonaws/aws-java-sdk-cognitoidp/1.11.327/aws-java-sdk-cognitoidp-1.11.327.jar:/home/weikangweng/.m2/repository/com/amazonaws/aws-java-sdk-discovery/1.11.327/aws-java-sdk-discovery-1.11.327.jar:/home/weikangweng/.m2/repository/com/amazonaws/aws-java-sdk-applicationautoscaling/1.11.327/aws-java-sdk-applicationautoscaling-1.11.327.jar:/home/weikangweng/.m2/repository/com/amazonaws/aws-java-sdk-snowball/1.11.327/aws-java-sdk-snowball-1.11.327.jar:/home/weikangweng/.m2/repository/com/amazonaws/aws-java-sdk-rekognition/1.11.327/aws-java-sdk-rekognition-1.11.327.jar:/home/weikangweng/.m2/repository/com/amazonaws/aws-java-sdk-polly/1.11.327/aws-java-sdk-polly-1.11.327.jar:/home/weikangweng/.m2/repository/com/amazonaws/aws-java-sdk-lightsail/1.11.327/aws-java-sdk-lightsail-1.11.327.jar:/home/weikangweng/.m2/repository/com/amazonaws/aws-java-sdk-stepfunctions/1.11.327/aws-java-sdk-stepfunctions-1.11.327.jar:/home/weikangweng/.m2/repository/com/amazonaws/aws-java-sdk-health/1.11.327/aws-java-sdk-health-1.11.327.jar:/home/weikangweng/.m2/repository/com/amazonaws/aws-java-sdk-costandusagereport/1.11.327/aws-java-sdk-costandusagereport-1.11.327.jar:/home/weikangweng/.m2/repository/com/amazonaws/aws-java-sdk-codebuild/1.11.327/aws-java-sdk-codebuild-1.11.327.jar:/home/weikangweng/.m2/repository/com/amazonaws/aws-java-sdk-appstream/1.11.327/aws-java-sdk-appstream-1.11.327.jar:/home/weikangweng/.m2/repository/com/amazonaws/aws-java-sdk-shield/1.11.327/aws-java-sdk-shield-1.11.327.jar:/home/weikangweng/.m2/repository/com/amazonaws/aws-java-sdk-batch/1.11.327/aws-java-sdk-batch-1.11.327.jar:/home/weikangweng/.m2/repository/com/amazonaws/aws-java-sdk-lex/1.11.327/aws-java-sdk-lex-1.11.327.jar:/home/weikangweng/.m2/repository/com/amazonaws/aws-java-sdk-mechanicalturkrequester/1.11.327/aws-java-sdk-mechanicalturkrequester-1.11.327.jar:/home/weikangweng/.m2/repository/com/amazonaws/aws-java-sdk-organizations/1.11.327/aws-java-sdk-organizations-1.11.327.jar:/home/weikangweng/.m2/repository/com/amazonaws/aws-java-sdk-workdocs/1.11.327/aws-java-sdk-workdocs-1.11.327.jar:/home/weikangweng/.m2/repository/com/amazonaws/aws-java-sdk-models/1.11.327/aws-java-sdk-models-1.11.327.jar:/home/weikangweng/.m2/repository/com/amazonaws/aws-java-sdk-swf-libraries/1.11.22/aws-java-sdk-swf-libraries-1.11.22.jar:"/>
    <property name="sun.cpu.endian" value="little"/>
    <property name="user.home" value="/home/weikangweng"/>
    <property name="user.language" value="en"/>
    <property name="java.specification.vendor" value="Oracle Corporation"/>
    <property name="java.home" value="/usr/lib/jvm/java-8-openjdk-amd64/jre"/>
    <property name="basedir" value="/home/weikangweng/Documents/CloudProject/IN4392-Cloud-Computing/cloudC"/>
    <property name="file.separator" value="/"/>
    <property name="line.separator" value="&#10;"/>
    <property name="java.vm.specification.vendor" value="Oracle Corporation"/>
    <property name="java.specification.name" value="Java Platform API Specification"/>
    <property name="java.awt.graphicsenv" value="sun.awt.X11GraphicsEnvironment"/>
    <property name="surefire.real.class.path" value="/home/weikangweng/Documents/CloudProject/IN4392-Cloud-Computing/cloudC/target/surefire/surefirebooter6564708484639090997.jar"/>
    <property name="sun.boot.class.path" value="/usr/lib/jvm/java-8-openjdk-amd64/jre/lib/resources.jar:/usr/lib/jvm/java-8-openjdk-amd64/jre/lib/rt.jar:/usr/lib/jvm/java-8-openjdk-amd64/jre/lib/sunrsasign.jar:/usr/lib/jvm/java-8-openjdk-amd64/jre/lib/jsse.jar:/usr/lib/jvm/java-8-openjdk-amd64/jre/lib/jce.jar:/usr/lib/jvm/java-8-openjdk-amd64/jre/lib/charsets.jar:/usr/lib/jvm/java-8-openjdk-amd64/jre/lib/jfr.jar:/usr/lib/jvm/java-8-openjdk-amd64/jre/classes"/>
    <property name="sun.management.compiler" value="HotSpot 64-Bit Tiered Compilers"/>
    <property name="java.runtime.version" value="1.8.0_252-8u252-b09-1~18.04-b09"/>
    <property name="user.name" value="weikangweng"/>
    <property name="path.separator" value=":"/>
    <property name="os.version" value="5.3.0-7648-generic"/>
    <property name="java.endorsed.dirs" value="/usr/lib/jvm/java-8-openjdk-amd64/jre/lib/endorsed"/>
    <property name="java.runtime.name" value="OpenJDK Runtime Environment"/>
    <property name="file.encoding" value="UTF-8"/>
    <property name="java.vm.name" value="OpenJDK 64-Bit Server VM"/>
    <property name="localRepository" value="/home/weikangweng/.m2/repository"/>
    <property name="java.vendor.url.bug" value="http://bugreport.sun.com/bugreport/"/>
    <property name="java.io.tmpdir" value="/tmp"/>
    <property name="java.version" value="1.8.0_252"/>
    <property name="user.dir" value="/home/weikangweng/Documents/CloudProject/IN4392-Cloud-Computing/cloudC"/>
    <property name="os.arch" value="amd64"/>
    <property name="java.vm.specification.name" value="Java Virtual Machine Specification"/>
    <property name="java.awt.printerjob" value="sun.print.PSPrinterJob"/>
    <property name="sun.os.patch.level" value="unknown"/>
    <property name="java.library.path" value="/usr/java/packages/lib/amd64:/usr/lib/x86_64-linux-gnu/jni:/lib/x86_64-linux-gnu:/usr/lib/x86_64-linux-gnu:/usr/lib/jni:/lib:/usr/lib"/>
    <property name="java.vm.info" value="mixed mode"/>
    <property name="java.vendor" value="Private Build"/>
    <property name="java.vm.version" value="25.252-b09"/>
    <property name="java.ext.dirs" value="/usr/lib/jvm/java-8-openjdk-amd64/jre/lib/ext:/usr/java/packages/lib/ext"/>
    <property name="sun.io.unicode.encoding" value="UnicodeLittle"/>
    <property name="java.class.version" value="52.0"/>
  </properties>
  <testcase name="contextLoads" classname="cloud.demo.DemoApplicationTests" time="0.098"/>
</testsuite>